[0817/003310.504:ERROR:file_io_win.cc(161)] CreateFile C:\Users\bintang\AppData\Local\Temp\3\puppeteer_dev_chrome_profile-sIzAgg\Crashpad\settings.dat: The system cannot find the path specified. (0x3)
[0817/003310.514:ERROR:file_io_win.cc(170)] CreateFile C:\Users\bintang\AppData\Local\Temp\3\puppeteer_dev_chrome_profile-sIzAgg\Crashpad\reports\d95ed952-a30d-4819-8bea-df987069c883.dmp: The system cannot find the path specified. (0x3)
[0817/003310.515:ERROR:crash_report_exception_handler.cc(97)] PrepareNewCrashReport failed
[0817/014219.363:ERROR:process_reader_win.cc(151)] SuspendThread: Access is denied. (0x5)
[0818/151815.449:ERROR:file_io_win.cc(161)] CreateFile C:\Users\bintang\AppData\Local\Temp\2\puppeteer_dev_chrome_profile-7oD6YW\Crashpad\settings.dat: The system cannot find the path specified. (0x3)
[0818/151815.481:ERROR:file_io_win.cc(170)] CreateFile C:\Users\bintang\AppData\Local\Temp\2\puppeteer_dev_chrome_profile-7oD6YW\Crashpad\reports\627607f9-0275-4a1b-b02b-397b8be84cce.dmp: The system cannot find the path specified. (0x3)
[0818/151815.481:ERROR:crash_report_exception_handler.cc(97)] PrepareNewCrashReport failed
[0818/205557.453:ERROR:process_reader_win.cc(151)] SuspendThread: Access is denied. (0x5)
[0818/205557.457:ERROR:file_io_win.cc(161)] CreateFile C:\Users\bintang\AppData\Local\Temp\2\puppeteer_dev_chrome_profile-dezyHf\Crashpad\settings.dat: The system cannot find the path specified. (0x3)
[0818/205557.457:ERROR:file_io_win.cc(170)] CreateFile C:\Users\bintang\AppData\Local\Temp\2\puppeteer_dev_chrome_profile-dezyHf\Crashpad\reports\a57a0fbe-3009-4c62-be96-0f53d25ce1b3.dmp: The system cannot find the path specified. (0x3)
[0818/205557.457:ERROR:crash_report_exception_handler.cc(97)] PrepareNewCrashReport failed
[0818/231436.480:ERROR:process_reader_win.cc(151)] SuspendThread: Access is denied. (0x5)
[0818/231436.484:ERROR:file_io_win.cc(161)] CreateFile C:\Users\bintang\AppData\Local\Temp\2\puppeteer_dev_chrome_profile-EEi4f1\Crashpad\settings.dat: The system cannot find the path specified. (0x3)
[0818/231436.484:ERROR:file_io_win.cc(170)] CreateFile C:\Users\bintang\AppData\Local\Temp\2\puppeteer_dev_chrome_profile-EEi4f1\Crashpad\reports\82a8f743-c0d1-4685-bcb4-fd35f7e00cdd.dmp: The system cannot find the path specified. (0x3)
[0818/231436.484:ERROR:crash_report_exception_handler.cc(97)] PrepareNewCrashReport failed
[0824/051955.928:ERROR:process_reader_win.cc(151)] SuspendThread: Access is denied. (0x5)
[0824/051955.929:ERROR:process_reader_win.cc(151)] SuspendThread: Access is denied. (0x5)
[0824/052359.946:ERROR:process_reader_win.cc(151)] SuspendThread: Access is denied. (0x5)
[0824/070854.708:ERROR:process_reader_win.cc(151)] SuspendThread: Access is denied. (0x5)
[0824/084005.907:ERROR:process_reader_win.cc(151)] SuspendThread: Access is denied. (0x5)
[0824/094615.387:ERROR:process_reader_win.cc(151)] SuspendThread: Access is denied. (0x5)
[0824/094615.387:ERROR:process_reader_win.cc(151)] SuspendThread: Access is denied. (0x5)
[0824/154711.360:ERROR:file_io_win.cc(161)] CreateFile C:\Users\administrator\AppData\Local\Temp\3\puppeteer_dev_chrome_profile-nLcPML\Crashpad\settings.dat: The system cannot find the path specified. (0x3)
[0824/154711.360:ERROR:file_io_win.cc(170)] CreateFile C:\Users\administrator\AppData\Local\Temp\3\puppeteer_dev_chrome_profile-nLcPML\Crashpad\reports\4b06fe35-f011-4ba2-99a4-da9c110b79be.dmp: The system cannot find the path specified. (0x3)
[0824/154711.360:ERROR:crash_report_exception_handler.cc(97)] PrepareNewCrashReport failed
[0824/155036.229:ERROR:file_io_win.cc(161)] CreateFile C:\Users\administrator\AppData\Local\Temp\3\puppeteer_dev_chrome_profile-uGlLpx\Crashpad\settings.dat: The system cannot find the path specified. (0x3)
[0824/155036.229:ERROR:file_io_win.cc(170)] CreateFile C:\Users\administrator\AppData\Local\Temp\3\puppeteer_dev_chrome_profile-uGlLpx\Crashpad\reports\18a88e87-71b7-470a-9d61-f6485423745b.dmp: The system cannot find the path specified. (0x3)
[0824/155036.229:ERROR:crash_report_exception_handler.cc(97)] PrepareNewCrashReport failed
[0824/171804.286:ERROR:process_reader_win.cc(151)] SuspendThread: Access is denied. (0x5)
[0824/171804.290:ERROR:file_io_win.cc(161)] CreateFile C:\Users\administrator\AppData\Local\Temp\3\puppeteer_dev_chrome_profile-DURO5S\Crashpad\settings.dat: The system cannot find the path specified. (0x3)
[0824/171804.290:ERROR:file_io_win.cc(170)] CreateFile C:\Users\administrator\AppData\Local\Temp\3\puppeteer_dev_chrome_profile-DURO5S\Crashpad\reports\c51b6ab8-2558-4718-aefc-4c36a50cb640.dmp: The system cannot find the path specified. (0x3)
[0824/171804.290:ERROR:crash_report_exception_handler.cc(97)] PrepareNewCrashReport failed
[0824/185145.843:ERROR:process_reader_win.cc(151)] SuspendThread: Access is denied. (0x5)
[0824/185145.851:ERROR:file_io_win.cc(161)] CreateFile C:\Users\administrator\AppData\Local\Temp\3\puppeteer_dev_chrome_profile-pUIicu\Crashpad\settings.dat: The system cannot find the path specified. (0x3)
[0824/185145.851:ERROR:file_io_win.cc(170)] CreateFile C:\Users\administrator\AppData\Local\Temp\3\puppeteer_dev_chrome_profile-pUIicu\Crashpad\reports\823db2d4-514f-4dc7-821f-b974fc44e27e.dmp: The system cannot find the path specified. (0x3)
[0824/185145.851:ERROR:crash_report_exception_handler.cc(97)] PrepareNewCrashReport failed
[0824/190333.210:ERROR:file_io_win.cc(161)] CreateFile C:\Users\administrator\AppData\Local\Temp\3\puppeteer_dev_chrome_profile-YJ5sCF\Crashpad\settings.dat: The system cannot find the path specified. (0x3)
[0824/190333.212:ERROR:file_io_win.cc(170)] CreateFile C:\Users\administrator\AppData\Local\Temp\3\puppeteer_dev_chrome_profile-YJ5sCF\Crashpad\reports\892aa15e-33cc-46e2-8b24-fd6dfed3f089.dmp: The system cannot find the path specified. (0x3)
[0824/190333.212:ERROR:crash_report_exception_handler.cc(97)] PrepareNewCrashReport failed
[0824/191650.712:ERROR:process_reader_win.cc(151)] SuspendThread: Access is denied. (0x5)
[0824/191650.715:ERROR:file_io_win.cc(161)] CreateFile C:\Users\administrator\AppData\Local\Temp\3\puppeteer_dev_chrome_profile-Ivw2jt\Crashpad\settings.dat: The system cannot find the path specified. (0x3)
[0824/191650.715:ERROR:file_io_win.cc(170)] CreateFile C:\Users\administrator\AppData\Local\Temp\3\puppeteer_dev_chrome_profile-Ivw2jt\Crashpad\reports\90dae8ec-8219-4c02-a863-63577709647c.dmp: The system cannot find the path specified. (0x3)
[0824/191650.715:ERROR:crash_report_exception_handler.cc(97)] PrepareNewCrashReport failed
[0824/192018.769:ERROR:file_io_win.cc(161)] CreateFile C:\Users\administrator\AppData\Local\Temp\3\puppeteer_dev_chrome_profile-aXt0WF\Crashpad\settings.dat: The system cannot find the path specified. (0x3)
[0824/192018.769:ERROR:file_io_win.cc(170)] CreateFile C:\Users\administrator\AppData\Local\Temp\3\puppeteer_dev_chrome_profile-aXt0WF\Crashpad\reports\44c09693-46d1-4ee1-970c-5c04e0723d1e.dmp: The system cannot find the path specified. (0x3)
[0824/192018.769:ERROR:crash_report_exception_handler.cc(97)] PrepareNewCrashReport failed
[0824/192418.882:ERROR:file_io_win.cc(161)] CreateFile C:\Users\administrator\AppData\Local\Temp\3\puppeteer_dev_chrome_profile-5zjiBG\Crashpad\settings.dat: The system cannot find the path specified. (0x3)
[0824/192418.883:ERROR:file_io_win.cc(170)] CreateFile C:\Users\administrator\AppData\Local\Temp\3\puppeteer_dev_chrome_profile-5zjiBG\Crashpad\reports\29501699-a967-49d5-872f-a51dae3d8e2a.dmp: The system cannot find the path specified. (0x3)
[0824/192418.883:ERROR:crash_report_exception_handler.cc(97)] PrepareNewCrashReport failed
[0824/193058.510:ERROR:file_io_win.cc(161)] CreateFile C:\Users\administrator\AppData\Local\Temp\3\puppeteer_dev_chrome_profile-6mmOhD\Crashpad\settings.dat: The system cannot find the path specified. (0x3)
[0824/193058.510:ERROR:file_io_win.cc(170)] CreateFile C:\Users\administrator\AppData\Local\Temp\3\puppeteer_dev_chrome_profile-6mmOhD\Crashpad\reports\aacc6de6-ecf3-4a19-a092-ae4fc6263d7b.dmp: The system cannot find the path specified. (0x3)
[0824/193058.510:ERROR:crash_report_exception_handler.cc(97)] PrepareNewCrashReport failed
[0824/194017.720:ERROR:process_reader_win.cc(151)] SuspendThread: Access is denied. (0x5)
[0824/194017.724:ERROR:file_io_win.cc(161)] CreateFile C:\Users\administrator\AppData\Local\Temp\3\puppeteer_dev_chrome_profile-907eEB\Crashpad\settings.dat: The system cannot find the path specified. (0x3)
[0824/194017.724:ERROR:file_io_win.cc(170)] CreateFile C:\Users\administrator\AppData\Local\Temp\3\puppeteer_dev_chrome_profile-907eEB\Crashpad\reports\bde3dca3-a930-4616-87a9-6d8348ba91e7.dmp: The system cannot find the path specified. (0x3)
[0824/194017.724:ERROR:crash_report_exception_handler.cc(97)] PrepareNewCrashReport failed
[0824/194157.719:ERROR:process_reader_win.cc(151)] SuspendThread: Access is denied. (0x5)
[0824/194157.719:ERROR:process_reader_win.cc(151)] SuspendThread: Access is denied. (0x5)
[0824/194157.719:ERROR:process_reader_win.cc(151)] SuspendThread: Access is denied. (0x5)
[0824/194157.719:ERROR:process_reader_win.cc(151)] SuspendThread: Access is denied. (0x5)
[0824/194157.719:ERROR:process_reader_win.cc(151)] SuspendThread: Access is denied. (0x5)
[0824/194157.719:ERROR:process_reader_win.cc(151)] SuspendThread: Access is denied. (0x5)
[0824/194157.722:ERROR:file_io_win.cc(161)] CreateFile C:\Users\administrator\AppData\Local\Temp\3\puppeteer_dev_chrome_profile-VicAV4\Crashpad\settings.dat: The system cannot find the path specified. (0x3)
[0824/194157.722:ERROR:file_io_win.cc(170)] CreateFile C:\Users\administrator\AppData\Local\Temp\3\puppeteer_dev_chrome_profile-VicAV4\Crashpad\reports\fb7ac46b-88a5-470f-a244-5cbb6fe72338.dmp: The system cannot find the path specified. (0x3)
[0824/194157.722:ERROR:crash_report_exception_handler.cc(97)] PrepareNewCrashReport failed
[0824/195422.800:ERROR:process_reader_win.cc(151)] SuspendThread: Access is denied. (0x5)
[0824/195422.801:ERROR:process_reader_win.cc(151)] SuspendThread: Access is denied. (0x5)
[0824/195422.801:ERROR:process_reader_win.cc(151)] SuspendThread: Access is denied. (0x5)
[0824/195422.801:ERROR:process_reader_win.cc(151)] SuspendThread: Access is denied. (0x5)
[0824/195422.801:ERROR:process_reader_win.cc(151)] SuspendThread: Access is denied. (0x5)
[0824/195422.801:ERROR:process_reader_win.cc(151)] SuspendThread: Access is denied. (0x5)
[0824/195422.803:ERROR:file_io_win.cc(161)] CreateFile C:\Users\administrator\AppData\Local\Temp\3\puppeteer_dev_chrome_profile-BaSZbp\Crashpad\settings.dat: The system cannot find the path specified. (0x3)
[0824/195422.803:ERROR:file_io_win.cc(170)] CreateFile C:\Users\administrator\AppData\Local\Temp\3\puppeteer_dev_chrome_profile-BaSZbp\Crashpad\reports\d02696d4-c76e-4d50-8318-14a646e5b196.dmp: The system cannot find the path specified. (0x3)
[0824/195422.803:ERROR:crash_report_exception_handler.cc(97)] PrepareNewCrashReport failed
[0824/195529.024:ERROR:file_io_win.cc(161)] CreateFile C:\Users\administrator\AppData\Local\Temp\3\puppeteer_dev_chrome_profile-cTJDfI\Crashpad\settings.dat: The system cannot find the path specified. (0x3)
[0824/195529.025:ERROR:file_io_win.cc(170)] CreateFile C:\Users\administrator\AppData\Local\Temp\3\puppeteer_dev_chrome_profile-cTJDfI\Crashpad\reports\0941b969-a2bf-40cd-801e-f7b412bdb25a.dmp: The system cannot find the path specified. (0x3)
[0824/195529.025:ERROR:crash_report_exception_handler.cc(97)] PrepareNewCrashReport failed
[0824/195938.422:ERROR:process_reader_win.cc(151)] SuspendThread: Access is denied. (0x5)
[0824/195938.425:ERROR:file_io_win.cc(161)] CreateFile C:\Users\administrator\AppData\Local\Temp\3\puppeteer_dev_chrome_profile-9DLOLM\Crashpad\settings.dat: The system cannot find the path specified. (0x3)
[0824/195938.425:ERROR:file_io_win.cc(170)] CreateFile C:\Users\administrator\AppData\Local\Temp\3\puppeteer_dev_chrome_profile-9DLOLM\Crashpad\reports\9e67ea49-6210-454a-8b58-1d38f3b63221.dmp: The system cannot find the path specified. (0x3)
[0824/195938.425:ERROR:crash_report_exception_handler.cc(97)] PrepareNewCrashReport failed
[0824/222319.948:ERROR:process_reader_win.cc(151)] SuspendThread: Access is denied. (0x5)
[0824/222319.951:ERROR:process_reader_win.cc(151)] SuspendThread: Access is denied. (0x5)
[0824/222319.951:ERROR:process_reader_win.cc(151)] SuspendThread: Access is denied. (0x5)
[0824/223125.310:ERROR:process_reader_win.cc(151)] SuspendThread: Access is denied. (0x5)
[0824/223125.311:ERROR:process_reader_win.cc(151)] SuspendThread: Access is denied. (0x5)
[0824/223125.311:ERROR:process_reader_win.cc(151)] SuspendThread: Access is denied. (0x5)
[0824/223125.314:ERROR:file_io_win.cc(161)] CreateFile C:\Users\administrator\AppData\Local\Temp\3\puppeteer_dev_chrome_profile-OTa8ho\Crashpad\settings.dat: The system cannot find the path specified. (0x3)
[0824/223125.314:ERROR:file_io_win.cc(170)] CreateFile C:\Users\administrator\AppData\Local\Temp\3\puppeteer_dev_chrome_profile-OTa8ho\Crashpad\reports\59e4ad1a-822d-47af-9cc4-78476bf04b86.dmp: The system cannot find the path specified. (0x3)
[0824/223125.314:ERROR:crash_report_exception_handler.cc(97)] PrepareNewCrashReport failed
[0824/223652.263:ERROR:process_reader_win.cc(151)] SuspendThread: Access is denied. (0x5)
[0824/223652.267:ERROR:file_io_win.cc(161)] CreateFile C:\Users\administrator\AppData\Local\Temp\3\puppeteer_dev_chrome_profile-GdQykk\Crashpad\settings.dat: The system cannot find the path specified. (0x3)
[0824/223652.267:ERROR:file_io_win.cc(170)] CreateFile C:\Users\administrator\AppData\Local\Temp\3\puppeteer_dev_chrome_profile-GdQykk\Crashpad\reports\7a8a8a8d-34b0-4ca4-aeb1-41db341a0869.dmp: The system cannot find the path specified. (0x3)
[0824/223652.267:ERROR:crash_report_exception_handler.cc(97)] PrepareNewCrashReport failed
[0824/223830.272:ERROR:process_reader_win.cc(151)] SuspendThread: Access is denied. (0x5)
[0824/223830.273:ERROR:process_reader_win.cc(151)] SuspendThread: Access is denied. (0x5)
[0824/223830.273:ERROR:process_reader_win.cc(151)] SuspendThread: Access is denied. (0x5)
[0824/223830.273:ERROR:process_reader_win.cc(151)] SuspendThread: Access is denied. (0x5)
[0824/223830.273:ERROR:process_reader_win.cc(151)] SuspendThread: Access is denied. (0x5)
[0824/223830.275:ERROR:file_io_win.cc(161)] CreateFile C:\Users\administrator\AppData\Local\Temp\3\puppeteer_dev_chrome_profile-uFRUcp\Crashpad\settings.dat: The system cannot find the path specified. (0x3)
[0824/223830.276:ERROR:file_io_win.cc(170)] CreateFile C:\Users\administrator\AppData\Local\Temp\3\puppeteer_dev_chrome_profile-uFRUcp\Crashpad\reports\c00414b1-d599-4ae6-b168-20b249c0381b.dmp: The system cannot find the path specified. (0x3)
[0824/223830.276:ERROR:crash_report_exception_handler.cc(97)] PrepareNewCrashReport failed
[0824/224400.105:ERROR:process_reader_win.cc(151)] SuspendThread: Access is denied. (0x5)
[0824/224400.106:ERROR:process_reader_win.cc(151)] SuspendThread: Access is denied. (0x5)
[0824/224400.106:ERROR:process_reader_win.cc(151)] SuspendThread: Access is denied. (0x5)
[0824/224400.106:ERROR:process_reader_win.cc(151)] SuspendThread: Access is denied. (0x5)
[0824/224400.109:ERROR:file_io_win.cc(161)] CreateFile C:\Users\administrator\AppData\Local\Temp\3\puppeteer_dev_chrome_profile-qN9rTp\Crashpad\settings.dat: The system cannot find the path specified. (0x3)
[0824/224400.110:ERROR:file_io_win.cc(170)] CreateFile C:\Users\administrator\AppData\Local\Temp\3\puppeteer_dev_chrome_profile-qN9rTp\Crashpad\reports\0f0ef6b0-e34e-46c9-b070-1a9b9a3c292a.dmp: The system cannot find the path specified. (0x3)
[0824/224400.110:ERROR:crash_report_exception_handler.cc(97)] PrepareNewCrashReport failed
[0824/225341.217:ERROR:process_reader_win.cc(151)] SuspendThread: Access is denied. (0x5)
[0824/225341.220:ERROR:file_io_win.cc(161)] CreateFile C:\Users\administrator\AppData\Local\Temp\3\puppeteer_dev_chrome_profile-aZ0Jld\Crashpad\settings.dat: The system cannot find the path specified. (0x3)
[0824/225341.220:ERROR:file_io_win.cc(170)] CreateFile C:\Users\administrator\AppData\Local\Temp\3\puppeteer_dev_chrome_profile-aZ0Jld\Crashpad\reports\e720dbee-f911-44c9-9e65-ec6029e63c4e.dmp: The system cannot find the path specified. (0x3)
[0824/225341.220:ERROR:crash_report_exception_handler.cc(97)] PrepareNewCrashReport failed
[0824/225807.871:ERROR:file_io_win.cc(161)] CreateFile C:\Users\administrator\AppData\Local\Temp\3\puppeteer_dev_chrome_profile-CxlBym\Crashpad\settings.dat: The system cannot find the path specified. (0x3)
[0824/225807.872:ERROR:file_io_win.cc(170)] CreateFile C:\Users\administrator\AppData\Local\Temp\3\puppeteer_dev_chrome_profile-CxlBym\Crashpad\reports\92c5698e-cd3d-4c30-a083-a4b3994534d7.dmp: The system cannot find the path specified. (0x3)
[0824/225807.872:ERROR:crash_report_exception_handler.cc(97)] PrepareNewCrashReport failed
[0824/225920.032:ERROR:process_reader_win.cc(151)] SuspendThread: Access is denied. (0x5)
[0824/225920.037:ERROR:file_io_win.cc(161)] CreateFile C:\Users\administrator\AppData\Local\Temp\3\puppeteer_dev_chrome_profile-zLEzVY\Crashpad\settings.dat: The system cannot find the path specified. (0x3)
[0824/225920.037:ERROR:file_io_win.cc(170)] CreateFile C:\Users\administrator\AppData\Local\Temp\3\puppeteer_dev_chrome_profile-zLEzVY\Crashpad\reports\d4167184-d0bc-4a8d-8507-041bf668d8ae.dmp: The system cannot find the path specified. (0x3)
[0824/225920.037:ERROR:crash_report_exception_handler.cc(97)] PrepareNewCrashReport failed
[0824/232440.259:ERROR:process_reader_win.cc(151)] SuspendThread: Access is denied. (0x5)
[0824/232440.263:ERROR:file_io_win.cc(161)] CreateFile C:\Users\administrator\AppData\Local\Temp\3\puppeteer_dev_chrome_profile-09lhRw\Crashpad\settings.dat: The system cannot find the path specified. (0x3)
[0824/232440.263:ERROR:file_io_win.cc(170)] CreateFile C:\Users\administrator\AppData\Local\Temp\3\puppeteer_dev_chrome_profile-09lhRw\Crashpad\reports\f06a4425-a053-4cba-a109-232325428dd4.dmp: The system cannot find the path specified. (0x3)
[0824/232440.263:ERROR:crash_report_exception_handler.cc(97)] PrepareNewCrashReport failed
[0825/002936.843:ERROR:file_io_win.cc(161)] CreateFile C:\Users\administrator\AppData\Local\Temp\3\puppeteer_dev_chrome_profile-Ps6YFL\Crashpad\settings.dat: The system cannot find the path specified. (0x3)
[0825/002936.843:ERROR:file_io_win.cc(170)] CreateFile C:\Users\administrator\AppData\Local\Temp\3\puppeteer_dev_chrome_profile-Ps6YFL\Crashpad\reports\824bcc9f-5075-46cd-a2d4-047b5fe6a213.dmp: The system cannot find the path specified. (0x3)
[0825/002936.843:ERROR:crash_report_exception_handler.cc(97)] PrepareNewCrashReport failed
[0825/004554.635:ERROR:file_io_win.cc(161)] CreateFile C:\Users\administrator\AppData\Local\Temp\3\puppeteer_dev_chrome_profile-T0n4tY\Crashpad\settings.dat: The system cannot find the path specified. (0x3)
[0825/004554.635:ERROR:file_io_win.cc(170)] CreateFile C:\Users\administrator\AppData\Local\Temp\3\puppeteer_dev_chrome_profile-T0n4tY\Crashpad\reports\75f4c3e0-5e54-46a2-876f-a5bd6c88889c.dmp: The system cannot find the path specified. (0x3)
[0825/004554.635:ERROR:crash_report_exception_handler.cc(97)] PrepareNewCrashReport failed
[0825/054305.715:ERROR:file_io_win.cc(161)] CreateFile C:\Users\administrator\AppData\Local\Temp\3\puppeteer_dev_chrome_profile-jkQjHP\Crashpad\settings.dat: The system cannot find the path specified. (0x3)
[0825/054305.730:ERROR:file_io_win.cc(170)] CreateFile C:\Users\administrator\AppData\Local\Temp\3\puppeteer_dev_chrome_profile-jkQjHP\Crashpad\reports\cba58a83-2e58-425d-8df3-c9749f742d5e.dmp: The system cannot find the path specified. (0x3)
[0825/054305.730:ERROR:crash_report_exception_handler.cc(97)] PrepareNewCrashReport failed
[0825/055109.513:ERROR:file_io_win.cc(161)] CreateFile C:\Users\administrator\AppData\Local\Temp\3\puppeteer_dev_chrome_profile-4hsp2y\Crashpad\settings.dat: The system cannot find the path specified. (0x3)
[0825/055109.513:ERROR:file_io_win.cc(170)] CreateFile C:\Users\administrator\AppData\Local\Temp\3\puppeteer_dev_chrome_profile-4hsp2y\Crashpad\reports\021067b1-c2c2-4dd4-bef6-c877d20a84da.dmp: The system cannot find the path specified. (0x3)
[0825/055109.513:ERROR:crash_report_exception_handler.cc(97)] PrepareNewCrashReport failed
[0825/055312.285:ERROR:file_io_win.cc(161)] CreateFile C:\Users\administrator\AppData\Local\Temp\3\puppeteer_dev_chrome_profile-IE3QCH\Crashpad\settings.dat: The system cannot find the path specified. (0x3)
[0825/055312.285:ERROR:file_io_win.cc(170)] CreateFile C:\Users\administrator\AppData\Local\Temp\3\puppeteer_dev_chrome_profile-IE3QCH\Crashpad\reports\e0f3997f-409b-494e-a1d8-51bdfd5fa9c4.dmp: The system cannot find the path specified. (0x3)
[0825/055312.285:ERROR:crash_report_exception_handler.cc(97)] PrepareNewCrashReport failed
[0825/060442.780:ERROR:file_io_win.cc(161)] CreateFile C:\Users\administrator\AppData\Local\Temp\3\puppeteer_dev_chrome_profile-x7CWmu\Crashpad\settings.dat: The system cannot find the path specified. (0x3)
[0825/060442.780:ERROR:file_io_win.cc(170)] CreateFile C:\Users\administrator\AppData\Local\Temp\3\puppeteer_dev_chrome_profile-x7CWmu\Crashpad\reports\6d993b35-09c5-447e-882b-53fa7e307715.dmp: The system cannot find the path specified. (0x3)
[0825/060442.780:ERROR:crash_report_exception_handler.cc(97)] PrepareNewCrashReport failed
[0825/060901.626:ERROR:process_reader_win.cc(151)] SuspendThread: Access is denied. (0x5)
[0825/060901.626:ERROR:file_io_win.cc(161)] CreateFile C:\Users\administrator\AppData\Local\Temp\3\puppeteer_dev_chrome_profile-n8uOts\Crashpad\settings.dat: The system cannot find the path specified. (0x3)
[0825/060901.626:ERROR:file_io_win.cc(170)] CreateFile C:\Users\administrator\AppData\Local\Temp\3\puppeteer_dev_chrome_profile-n8uOts\Crashpad\reports\90c40831-a9cd-4905-a0bf-b8b9d9946cfd.dmp: The system cannot find the path specified. (0x3)
[0825/060901.626:ERROR:crash_report_exception_handler.cc(97)] PrepareNewCrashReport failed
[0825/061118.501:ERROR:file_io_win.cc(161)] CreateFile C:\Users\administrator\AppData\Local\Temp\3\puppeteer_dev_chrome_profile-BkH2xn\Crashpad\settings.dat: The system cannot find the path specified. (0x3)
[0825/061118.501:ERROR:file_io_win.cc(170)] CreateFile C:\Users\administrator\AppData\Local\Temp\3\puppeteer_dev_chrome_profile-BkH2xn\Crashpad\reports\45f684c2-6721-4b17-976f-5368c29785ea.dmp: The system cannot find the path specified. (0x3)
[0825/061118.501:ERROR:crash_report_exception_handler.cc(97)] PrepareNewCrashReport failed
[0825/062909.194:ERROR:file_io_win.cc(161)] CreateFile C:\Users\administrator\AppData\Local\Temp\3\puppeteer_dev_chrome_profile-QQGHaQ\Crashpad\settings.dat: The system cannot find the path specified. (0x3)
[0825/062909.195:ERROR:file_io_win.cc(170)] CreateFile C:\Users\administrator\AppData\Local\Temp\3\puppeteer_dev_chrome_profile-QQGHaQ\Crashpad\reports\6aaefd73-cbf7-4520-adbc-d0f5a95f7037.dmp: The system cannot find the path specified. (0x3)
[0825/062909.195:ERROR:crash_report_exception_handler.cc(97)] PrepareNewCrashReport failed
[0825/065201.924:ERROR:file_io_win.cc(161)] CreateFile C:\Users\administrator\AppData\Local\Temp\3\puppeteer_dev_chrome_profile-QzZRo6\Crashpad\settings.dat: The system cannot find the path specified. (0x3)
[0825/065201.925:ERROR:file_io_win.cc(170)] CreateFile C:\Users\administrator\AppData\Local\Temp\3\puppeteer_dev_chrome_profile-QzZRo6\Crashpad\reports\c4cfa573-2f96-485f-aefb-3c1a6915e5a3.dmp: The system cannot find the path specified. (0x3)
[0825/065201.925:ERROR:crash_report_exception_handler.cc(97)] PrepareNewCrashReport failed
[0825/070406.257:ERROR:file_io_win.cc(161)] CreateFile C:\Users\administrator\AppData\Local\Temp\3\puppeteer_dev_chrome_profile-mZ2aW0\Crashpad\settings.dat: The system cannot find the path specified. (0x3)
[0825/070406.257:ERROR:file_io_win.cc(170)] CreateFile C:\Users\administrator\AppData\Local\Temp\3\puppeteer_dev_chrome_profile-mZ2aW0\Crashpad\reports\97a5fc5f-4c8e-4771-bff4-35805e158701.dmp: The system cannot find the path specified. (0x3)
[0825/070406.257:ERROR:crash_report_exception_handler.cc(97)] PrepareNewCrashReport failed
[0825/115347.995:ERROR:process_reader_win.cc(151)] SuspendThread: Access is denied. (0x5)
[0825/115347.995:ERROR:file_io_win.cc(161)] CreateFile C:\Users\administrator\AppData\Local\Temp\3\puppeteer_dev_chrome_profile-idy79F\Crashpad\settings.dat: The system cannot find the path specified. (0x3)
[0825/115347.995:ERROR:file_io_win.cc(170)] CreateFile C:\Users\administrator\AppData\Local\Temp\3\puppeteer_dev_chrome_profile-idy79F\Crashpad\reports\f1d8b45c-f1a3-41b6-b630-966538e4d13c.dmp: The system cannot find the path specified. (0x3)
[0825/115347.995:ERROR:crash_report_exception_handler.cc(97)] PrepareNewCrashReport failed
[0825/120113.263:ERROR:file_io_win.cc(161)] CreateFile C:\Users\administrator\AppData\Local\Temp\3\puppeteer_dev_chrome_profile-syRBEm\Crashpad\settings.dat: The system cannot find the path specified. (0x3)
[0825/120113.263:ERROR:file_io_win.cc(170)] CreateFile C:\Users\administrator\AppData\Local\Temp\3\puppeteer_dev_chrome_profile-syRBEm\Crashpad\reports\64c1e14c-d3a7-4b81-93c0-f09df1326485.dmp: The system cannot find the path specified. (0x3)
[0825/120113.263:ERROR:crash_report_exception_handler.cc(97)] PrepareNewCrashReport failed
[0825/120816.830:ERROR:process_reader_win.cc(151)] SuspendThread: Access is denied. (0x5)
[0825/120816.834:ERROR:file_io_win.cc(161)] CreateFile C:\Users\administrator\AppData\Local\Temp\3\puppeteer_dev_chrome_profile-97af1e\Crashpad\settings.dat: The system cannot find the path specified. (0x3)
[0825/120816.834:ERROR:file_io_win.cc(170)] CreateFile C:\Users\administrator\AppData\Local\Temp\3\puppeteer_dev_chrome_profile-97af1e\Crashpad\reports\6e4d73ba-c510-4907-8d3a-881a01f474a1.dmp: The system cannot find the path specified. (0x3)
[0825/120816.834:ERROR:crash_report_exception_handler.cc(97)] PrepareNewCrashReport failed
[0825/120958.744:ERROR:file_io_win.cc(161)] CreateFile C:\Users\administrator\AppData\Local\Temp\3\puppeteer_dev_chrome_profile-6jLYFb\Crashpad\settings.dat: The system cannot find the path specified. (0x3)
[0825/120958.744:ERROR:file_io_win.cc(170)] CreateFile C:\Users\administrator\AppData\Local\Temp\3\puppeteer_dev_chrome_profile-6jLYFb\Crashpad\reports\f11dc442-b0ea-419e-a0d3-d86eb05ca268.dmp: The system cannot find the path specified. (0x3)
[0825/120958.744:ERROR:crash_report_exception_handler.cc(97)] PrepareNewCrashReport failed
[0825/121412.333:ERROR:file_io_win.cc(161)] CreateFile C:\Users\administrator\AppData\Local\Temp\3\puppeteer_dev_chrome_profile-aXmqe5\Crashpad\settings.dat: The system cannot find the path specified. (0x3)
[0825/121412.333:ERROR:file_io_win.cc(170)] CreateFile C:\Users\administrator\AppData\Local\Temp\3\puppeteer_dev_chrome_profile-aXmqe5\Crashpad\reports\8207160d-1582-4c79-b5f1-1ff47f2dcfa0.dmp: The system cannot find the path specified. (0x3)
[0825/121412.333:ERROR:crash_report_exception_handler.cc(97)] PrepareNewCrashReport failed
[0825/122349.634:ERROR:file_io_win.cc(161)] CreateFile C:\Users\administrator\AppData\Local\Temp\3\puppeteer_dev_chrome_profile-4cbh3I\Crashpad\settings.dat: The system cannot find the path specified. (0x3)
[0825/122349.634:ERROR:file_io_win.cc(170)] CreateFile C:\Users\administrator\AppData\Local\Temp\3\puppeteer_dev_chrome_profile-4cbh3I\Crashpad\reports\d2cd80dc-049c-4d99-b122-d19829c78b3c.dmp: The system cannot find the path specified. (0x3)
[0825/122349.634:ERROR:crash_report_exception_handler.cc(97)] PrepareNewCrashReport failed
[0825/123336.746:ERROR:file_io_win.cc(161)] CreateFile C:\Users\administrator\AppData\Local\Temp\3\puppeteer_dev_chrome_profile-xoe8Zg\Crashpad\settings.dat: The system cannot find the path specified. (0x3)
[0825/123336.746:ERROR:file_io_win.cc(170)] CreateFile C:\Users\administrator\AppData\Local\Temp\3\puppeteer_dev_chrome_profile-xoe8Zg\Crashpad\reports\5e244f26-410b-4dde-b8c5-e05e1a99fcd3.dmp: The system cannot find the path specified. (0x3)
[0825/123336.746:ERROR:crash_report_exception_handler.cc(97)] PrepareNewCrashReport failed
[0825/124433.411:ERROR:file_io_win.cc(161)] CreateFile C:\Users\administrator\AppData\Local\Temp\3\puppeteer_dev_chrome_profile-2YtrLE\Crashpad\settings.dat: The system cannot find the path specified. (0x3)
[0825/124433.411:ERROR:file_io_win.cc(170)] CreateFile C:\Users\administrator\AppData\Local\Temp\3\puppeteer_dev_chrome_profile-2YtrLE\Crashpad\reports\acb17129-bb6d-4cc1-a5bb-9ae418d641ea.dmp: The system cannot find the path specified. (0x3)
[0825/124433.411:ERROR:crash_report_exception_handler.cc(97)] PrepareNewCrashReport failed
[0825/130228.654:ERROR:file_io_win.cc(161)] CreateFile C:\Users\administrator\AppData\Local\Temp\3\puppeteer_dev_chrome_profile-dgFLey\Crashpad\settings.dat: The system cannot find the path specified. (0x3)
[0825/130228.654:ERROR:file_io_win.cc(170)] CreateFile C:\Users\administrator\AppData\Local\Temp\3\puppeteer_dev_chrome_profile-dgFLey\Crashpad\reports\d01df938-9311-4c81-bd19-65f731432ea9.dmp: The system cannot find the path specified. (0x3)
[0825/130228.654:ERROR:crash_report_exception_handler.cc(97)] PrepareNewCrashReport failed
